<?xml version='1.0' encoding='UTF-8'?>
<testsuite hostname="Mac.lan" name="runner.TestRunner" tests="1" errors="0" failures="0" skipped="0" time="3.872" timestamp="2025-06-19T15:12:51">
          <properties>
      <property name="awt.toolkit" value="sun.lwawt.macosx.LWCToolkit"/><property name="java.specification.version" value="11"/><property name="sun.cpu.isalist" value=""/><property name="sun.jnu.encoding" value="UTF-8"/><property name="sun.arch.data.model" value="64"/><property name="java.vendor.url" value="https://adoptium.net/"/><property name="sun.boot.library.path" value="/Users/anastasia.florentis/.sdkman/candidates/java/11.0.19-tem/lib"/><property name="sun.java.command" value="/opt/homebrew/Cellar/sbt/1.10.11/libexec/bin/sbt-launch.jar testOnly *TestRunner"/><property name="jdk.debug" value="release"/><property name="java.specification.vendor" value="Oracle Corporation"/><property name="java.version.date" value="2023-04-18"/><property name="java.home" value="/Users/anastasia.florentis/.sdkman/candidates/java/11.0.19-tem"/><property name="file.separator" value="/"/><property name="java.vm.compressedOopsMode" value="Zero based"/><property name="line.separator" value="
"/><property name="java.specification.name" value="Java Platform API Specification"/><property name="java.vm.specification.vendor" value="Oracle Corporation"/><property name="sun.management.compiler" value="HotSpot 64-Bit Tiered Compilers"/><property name="java.runtime.version" value="11.0.19+7"/><property name="user.name" value="anastasia.florentis"/><property name="log4j.ignoreTCL" value="true"/><property name="file.encoding" value="UTF-8"/><property name="java.vendor.version" value="Temurin-11.0.19+7"/><property name="java.io.tmpdir" value="/var/folders/_x/dll4t94j7zgcp2rw4k30b8h00000gq/T/"/><property name="java.version" value="11.0.19"/><property name="java.vm.specification.name" value="Java Virtual Machine Specification"/><property name="java.awt.printerjob" value="sun.lwawt.macosx.CPrinterJob"/><property name="sun.os.patch.level" value="unknown"/><property name="java.library.path" value="/Users/anastasia.florentis/Library/Java/Extensions:/Library/Java/Extensions:/Network/Library/Java/Extensions:/System/Library/Java/Extensions:/usr/lib/java:."/><property name="java.vendor" value="Eclipse Adoptium"/><property name="scala.ext.dirs" value="/Users/anastasia.florentis/.sbt/1.0/java9-rt-ext-eclipse_adoptium_11_0_19"/><property name="sun.io.unicode.encoding" value="UnicodeBig"/><property name="socksNonProxyHosts" value="local|*.local|169.254/16|*.169.254/16"/><property name="gopherProxySet" value="false"/><property name="java.class.path" value="/opt/homebrew/Cellar/sbt/1.10.11/libexec/bin/sbt-launch.jar"/><property name="java.vm.vendor" value="Eclipse Adoptium"/><property name="jline.shutdownhook" value="false"/><property name="user.timezone" value="Europe/London"/><property name="os.name" value="Mac OS X"/><property name="java.vm.specification.version" value="11"/><property name="sun.java.launcher" value="SUN_STANDARD"/><property name="user.country" value="US"/><property name="http.nonProxyHosts" value="local|*.local|169.254/16|*.169.254/16"/><property name="sun.cpu.endian" value="little"/><property name="user.home" value="/Users/anastasia.florentis"/><property name="user.language" value="en"/><property name="sbt.script" value="/opt/homebrew/Cellar/sbt/1.10.11/libexec/bin/sbt"/><property name="sbt.ipcsocket.tmpdir" value="/var/folders/_x/dll4t94j7zgcp2rw4k30b8h00000gq/T/.sbt99f2a483/ipcsocket"/><property name="swoval.tmpdir" value="/var/folders/_x/dll4t94j7zgcp2rw4k30b8h00000gq/T/.sbt99f2a483/swoval"/><property name="java.awt.graphicsenv" value="sun.awt.CGraphicsEnvironment"/><property name="jline.esc.timeout" value="0"/><property name="ftp.nonProxyHosts" value="local|*.local|169.254/16|*.169.254/16"/><property name="path.separator" value=":"/><property name="os.version" value="15.4.1"/><property name="jna.nosys" value="true"/><property name="java.runtime.name" value="OpenJDK Runtime Environment"/><property name="java.vm.name" value="OpenJDK 64-Bit Server VM"/><property name="java.vendor.url.bug" value="https://github.com/adoptium/adoptium-support/issues"/><property name="user.dir" value="/Users/anastasia.florentis/Library/CloudStorage/OneDrive-MercatorITSolutionsLtd/code/CucumberFramework"/><property name="os.arch" value="aarch64"/><property name="java.vm.info" value="mixed mode"/><property name="java.vm.version" value="11.0.19+7"/><property name="java.class.version" value="55.0"/>
    </properties>
          <testcase classname="runner.TestRunner" name="Para-bank Login.Successful login with valid credentials" time="3.872">
                      
                    </testcase>
          <system-out><![CDATA[]]></system-out>
          <system-err><![CDATA[]]></system-err>
        </testsuite>